::1 - - [12/Dec/2020:11:48:58 +0000] "GET /user/user.png HTTP/1.1" 200 12403 "http://localhost:8080/" "Mozilla/5.0 (Windows NT 10.0; Win64; x64) AppleWebKit/537.36 (KHTML, like Gecko) Chrome/87.0.4280.66 Safari/537.36"
::1 - - [12/Dec/2020:11:49:10 +0000] "POST /search/user HTTP/1.1" 200 48 "http://localhost:8080/" "Mozilla/5.0 (iPhone; CPU iPhone OS 10_3_1 like Mac OS X) AppleWebKit/603.1.30 (KHTML, like Gecko) Version/10.0 Mobile/14E304 Safari/602.1"
::1 - - [12/Dec/2020:11:49:20 +0000] "POST /search/user HTTP/1.1" 200 48 "http://localhost:8080/" "Mozilla/5.0 (iPhone; CPU iPhone OS 10_3_1 like Mac OS X) AppleWebKit/603.1.30 (KHTML, like Gecko) Version/10.0 Mobile/14E304 Safari/602.1"
::1 - - [12/Dec/2020:11:49:31 +0000] "GET /user/user.png HTTP/1.1" 304 - "http://localhost:8080/" "Mozilla/5.0 (iPhone; CPU iPhone OS 13_2_3 like Mac OS X) AppleWebKit/605.1.15 (KHTML, like Gecko) Version/13.0.3 Mobile/15E148 Safari/604.1"
::1 - - [12/Dec/2020:11:58:41 +0000] "POST /signup/judge HTTP/1.1" 200 29 "http://localhost:8080/" "Mozilla/5.0 (iPhone; CPU iPhone OS 13_2_3 like Mac OS X) AppleWebKit/605.1.15 (KHTML, like Gecko) Version/13.0.3 Mobile/15E148 Safari/604.1"
::1 - - [12/Dec/2020:11:58:57 +0000] "POST /signup/judge HTTP/1.1" 200 29 "http://localhost:8080/" "Mozilla/5.0 (iPhone; CPU iPhone OS 13_2_3 like Mac OS X) AppleWebKit/605.1.15 (KHTML, like Gecko) Version/13.0.3 Mobile/15E148 Safari/604.1"
::1 - - [12/Dec/2020:11:59:02 +0000] "POST /signup/judge HTTP/1.1" 200 29 "http://localhost:8080/" "Mozilla/5.0 (iPhone; CPU iPhone OS 13_2_3 like Mac OS X) AppleWebKit/605.1.15 (KHTML, like Gecko) Version/13.0.3 Mobile/15E148 Safari/604.1"
::1 - - [12/Dec/2020:11:59:04 +0000] "POST /signup/judge HTTP/1.1" 200 29 "http://localhost:8080/" "Mozilla/5.0 (iPhone; CPU iPhone OS 13_2_3 like Mac OS X) AppleWebKit/605.1.15 (KHTML, like Gecko) Version/13.0.3 Mobile/15E148 Safari/604.1"
::1 - - [12/Dec/2020:11:59:11 +0000] "POST /signup/judge HTTP/1.1" 200 29 "http://localhost:8080/" "Mozilla/5.0 (iPhone; CPU iPhone OS 13_2_3 like Mac OS X) AppleWebKit/605.1.15 (KHTML, like Gecko) Version/13.0.3 Mobile/15E148 Safari/604.1"
::1 - - [12/Dec/2020:11:59:14 +0000] "POST /signup/judge HTTP/1.1" 200 29 "http://localhost:8080/" "Mozilla/5.0 (iPhone; CPU iPhone OS 13_2_3 like Mac OS X) AppleWebKit/605.1.15 (KHTML, like Gecko) Version/13.0.3 Mobile/15E148 Safari/604.1"
::1 - - [12/Dec/2020:11:59:19 +0000] "POST /signup/add HTTP/1.1" 200 18 "http://localhost:8080/" "Mozilla/5.0 (iPhone; CPU iPhone OS 13_2_3 like Mac OS X) AppleWebKit/605.1.15 (KHTML, like Gecko) Version/13.0.3 Mobile/15E148 Safari/604.1"
::1 - - [12/Dec/2020:11:59:36 +0000] "POST /signin/match HTTP/1.1" 200 328 "http://localhost:8080/" "Mozilla/5.0 (iPhone; CPU iPhone OS 13_2_3 like Mac OS X) AppleWebKit/605.1.15 (KHTML, like Gecko) Version/13.0.3 Mobile/15E148 Safari/604.1"
::1 - - [12/Dec/2020:11:59:36 +0000] "GET /user/user.png HTTP/1.1" 200 12403 "http://localhost:8080/" "Mozilla/5.0 (iPhone; CPU iPhone OS 13_2_3 like Mac OS X) AppleWebKit/605.1.15 (KHTML, like Gecko) Version/13.0.3 Mobile/15E148 Safari/604.1"
::1 - - [12/Dec/2020:11:59:39 +0000] "POST /user/detail HTTP/1.1" 200 194 "http://localhost:8080/" "Mozilla/5.0 (iPhone; CPU iPhone OS 13_2_3 like Mac OS X) AppleWebKit/605.1.15 (KHTML, like Gecko) Version/13.0.3 Mobile/15E148 Safari/604.1"
::1 - - [12/Dec/2020:11:59:46 +0000] "POST /search/user HTTP/1.1" 200 3266 "http://localhost:8080/" "Mozilla/5.0 (iPhone; CPU iPhone OS 13_2_3 like Mac OS X) AppleWebKit/605.1.15 (KHTML, like Gecko) Version/13.0.3 Mobile/15E148 Safari/604.1"
::1 - - [12/Dec/2020:11:59:46 +0000] "POST /search/isfriend HTTP/1.1" 200 43 "http://localhost:8080/" "Mozilla/5.0 (iPhone; CPU iPhone OS 13_2_3 like Mac OS X) AppleWebKit/605.1.15 (KHTML, like Gecko) Version/13.0.3 Mobile/15E148 Safari/604.1"
::1 - - [12/Dec/2020:11:59:46 +0000] "POST /search/isfriend HTTP/1.1" 200 43 "http://localhost:8080/" "Mozilla/5.0 (iPhone; CPU iPhone OS 13_2_3 like Mac OS X) AppleWebKit/605.1.15 (KHTML, like Gecko) Version/13.0.3 Mobile/15E148 Safari/604.1"
::1 - - [12/Dec/2020:11:59:46 +0000] "POST /search/isfriend HTTP/1.1" 200 43 "http://localhost:8080/" "Mozilla/5.0 (iPhone; CPU iPhone OS 13_2_3 like Mac OS X) AppleWebKit/605.1.15 (KHTML, like Gecko) Version/13.0.3 Mobile/15E148 Safari/604.1"
::1 - - [12/Dec/2020:11:59:46 +0000] "POST /search/isfriend HTTP/1.1" 200 43 "http://localhost:8080/" "Mozilla/5.0 (iPhone; CPU iPhone OS 13_2_3 like Mac OS X) AppleWebKit/605.1.15 (KHTML, like Gecko) Version/13.0.3 Mobile/15E148 Safari/604.1"
::1 - - [12/Dec/2020:11:59:46 +0000] "POST /search/isfriend HTTP/1.1" 200 43 "http://localhost:8080/" "Mozilla/5.0 (iPhone; CPU iPhone OS 13_2_3 like Mac OS X) AppleWebKit/605.1.15 (KHTML, like Gecko) Version/13.0.3 Mobile/15E148 Safari/604.1"
::1 - - [12/Dec/2020:11:59:46 +0000] "POST /search/isfriend HTTP/1.1" 200 43 "http://localhost:8080/" "Mozilla/5.0 (iPhone; CPU iPhone OS 13_2_3 like Mac OS X) AppleWebKit/605.1.15 (KHTML, like Gecko) Version/13.0.3 Mobile/15E148 Safari/604.1"
::1 - - [12/Dec/2020:11:59:46 +0000] "POST /search/isfriend HTTP/1.1" 200 43 "http://localhost:8080/" "Mozilla/5.0 (iPhone; CPU iPhone OS 13_2_3 like Mac OS X) AppleWebKit/605.1.15 (KHTML, like Gecko) Version/13.0.3 Mobile/15E148 Safari/604.1"
::1 - - [12/Dec/2020:11:59:46 +0000] "POST /search/isfriend HTTP/1.1" 200 43 "http://localhost:8080/" "Mozilla/5.0 (iPhone; CPU iPhone OS 13_2_3 like Mac OS X) AppleWebKit/605.1.15 (KHTML, like Gecko) Version/13.0.3 Mobile/15E148 Safari/604.1"
::1 - - [12/Dec/2020:11:59:46 +0000] "POST /search/isfriend HTTP/1.1" 200 43 "http://localhost:8080/" "Mozilla/5.0 (iPhone; CPU iPhone OS 13_2_3 like Mac OS X) AppleWebKit/605.1.15 (KHTML, like Gecko) Version/13.0.3 Mobile/15E148 Safari/604.1"
::1 - - [12/Dec/2020:11:59:46 +0000] "POST /search/isfriend HTTP/1.1" 200 43 "http://localhost:8080/" "Mozilla/5.0 (iPhone; CPU iPhone OS 13_2_3 like Mac OS X) AppleWebKit/605.1.15 (KHTML, like Gecko) Version/13.0.3 Mobile/15E148 Safari/604.1"
::1 - - [12/Dec/2020:11:59:46 +0000] "POST /search/isfriend HTTP/1.1" 200 43 "http://localhost:8080/" "Mozilla/5.0 (iPhone; CPU iPhone OS 13_2_3 like Mac OS X) AppleWebKit/605.1.15 (KHTML, like Gecko) Version/13.0.3 Mobile/15E148 Safari/604.1"
::1 - - [12/Dec/2020:11:59:46 +0000] "POST /search/isfriend HTTP/1.1" 200 43 "http://localhost:8080/" "Mozilla/5.0 (iPhone; CPU iPhone OS 13_2_3 like Mac OS X) AppleWebKit/605.1.15 (KHTML, like Gecko) Version/13.0.3 Mobile/15E148 Safari/604.1"
::1 - - [12/Dec/2020:11:59:46 +0000] "POST /search/isfriend HTTP/1.1" 200 43 "http://localhost:8080/" "Mozilla/5.0 (iPhone; CPU iPhone OS 13_2_3 like Mac OS X) AppleWebKit/605.1.15 (KHTML, like Gecko) Version/13.0.3 Mobile/15E148 Safari/604.1"
::1 - - [12/Dec/2020:11:59:46 +0000] "POST /search/isfriend HTTP/1.1" 200 43 "http://localhost:8080/" "Mozilla/5.0 (iPhone; CPU iPhone OS 13_2_3 like Mac OS X) AppleWebKit/605.1.15 (KHTML, like Gecko) Version/13.0.3 Mobile/15E148 Safari/604.1"
::1 - - [12/Dec/2020:11:59:46 +0000] "POST /search/isfriend HTTP/1.1" 200 43 "http://localhost:8080/" "Mozilla/5.0 (iPhone; CPU iPhone OS 13_2_3 like Mac OS X) AppleWebKit/605.1.15 (KHTML, like Gecko) Version/13.0.3 Mobile/15E148 Safari/604.1"
::1 - - [12/Dec/2020:11:59:46 +0000] "POST /search/isfriend HTTP/1.1" 200 43 "http://localhost:8080/" "Mozilla/5.0 (iPhone; CPU iPhone OS 13_2_3 like Mac OS X) AppleWebKit/605.1.15 (KHTML, like Gecko) Version/13.0.3 Mobile/15E148 Safari/604.1"
::1 - - [12/Dec/2020:11:59:46 +0000] "POST /search/isfriend HTTP/1.1" 200 43 "http://localhost:8080/" "Mozilla/5.0 (iPhone; CPU iPhone OS 13_2_3 like Mac OS X) AppleWebKit/605.1.15 (KHTML, like Gecko) Version/13.0.3 Mobile/15E148 Safari/604.1"
::1 - - [12/Dec/2020:11:59:46 +0000] "POST /search/isfriend HTTP/1.1" 200 43 "http://localhost:8080/" "Mozilla/5.0 (iPhone; CPU iPhone OS 13_2_3 like Mac OS X) AppleWebKit/605.1.15 (KHTML, like Gecko) Version/13.0.3 Mobile/15E148 Safari/604.1"
::1 - - [12/Dec/2020:11:59:46 +0000] "POST /search/isfriend HTTP/1.1" 200 43 "http://localhost:8080/" "Mozilla/5.0 (iPhone; CPU iPhone OS 13_2_3 like Mac OS X) AppleWebKit/605.1.15 (KHTML, like Gecko) Version/13.0.3 Mobile/15E148 Safari/604.1"
::1 - - [12/Dec/2020:11:59:46 +0000] "POST /search/isfriend HTTP/1.1" 200 43 "http://localhost:8080/" "Mozilla/5.0 (iPhone; CPU iPhone OS 13_2_3 like Mac OS X) AppleWebKit/605.1.15 (KHTML, like Gecko) Version/13.0.3 Mobile/15E148 Safari/604.1"
::1 - - [12/Dec/2020:11:59:46 +0000] "POST /search/isfriend HTTP/1.1" 200 43 "http://localhost:8080/" "Mozilla/5.0 (iPhone; CPU iPhone OS 13_2_3 like Mac OS X) AppleWebKit/605.1.15 (KHTML, like Gecko) Version/13.0.3 Mobile/15E148 Safari/604.1"
::1 - - [12/Dec/2020:11:59:46 +0000] "POST /search/isfriend HTTP/1.1" 200 43 "http://localhost:8080/" "Mozilla/5.0 (iPhone; CPU iPhone OS 13_2_3 like Mac OS X) AppleWebKit/605.1.15 (KHTML, like Gecko) Version/13.0.3 Mobile/15E148 Safari/604.1"
::1 - - [12/Dec/2020:11:59:46 +0000] "POST /search/isfriend HTTP/1.1" 200 43 "http://localhost:8080/" "Mozilla/5.0 (iPhone; CPU iPhone OS 13_2_3 like Mac OS X) AppleWebKit/605.1.15 (KHTML, like Gecko) Version/13.0.3 Mobile/15E148 Safari/604.1"
::1 - - [12/Dec/2020:11:59:46 +0000] "POST /search/isfriend HTTP/1.1" 200 43 "http://localhost:8080/" "Mozilla/5.0 (iPhone; CPU iPhone OS 13_2_3 like Mac OS X) AppleWebKit/605.1.15 (KHTML, like Gecko) Version/13.0.3 Mobile/15E148 Safari/604.1"
::1 - - [12/Dec/2020:11:59:46 +0000] "POST /search/isfriend HTTP/1.1" 200 43 "http://localhost:8080/" "Mozilla/5.0 (iPhone; CPU iPhone OS 13_2_3 like Mac OS X) AppleWebKit/605.1.15 (KHTML, like Gecko) Version/13.0.3 Mobile/15E148 Safari/604.1"
::1 - - [12/Dec/2020:11:59:46 +0000] "POST /search/isfriend HTTP/1.1" 200 43 "http://localhost:8080/" "Mozilla/5.0 (iPhone; CPU iPhone OS 13_2_3 like Mac OS X) AppleWebKit/605.1.15 (KHTML, like Gecko) Version/13.0.3 Mobile/15E148 Safari/604.1"
::1 - - [12/Dec/2020:11:59:46 +0000] "POST /search/isfriend HTTP/1.1" 200 43 "http://localhost:8080/" "Mozilla/5.0 (iPhone; CPU iPhone OS 13_2_3 like Mac OS X) AppleWebKit/605.1.15 (KHTML, like Gecko) Version/13.0.3 Mobile/15E148 Safari/604.1"
::1 - - [12/Dec/2020:11:59:46 +0000] "POST /search/isfriend HTTP/1.1" 200 43 "http://localhost:8080/" "Mozilla/5.0 (iPhone; CPU iPhone OS 13_2_3 like Mac OS X) AppleWebKit/605.1.15 (KHTML, like Gecko) Version/13.0.3 Mobile/15E148 Safari/604.1"
::1 - - [12/Dec/2020:11:59:46 +0000] "POST /search/isfriend HTTP/1.1" 200 43 "http://localhost:8080/" "Mozilla/5.0 (iPhone; CPU iPhone OS 13_2_3 like Mac OS X) AppleWebKit/605.1.15 (KHTML, like Gecko) Version/13.0.3 Mobile/15E148 Safari/604.1"
::1 - - [12/Dec/2020:11:59:46 +0000] "POST /search/isfriend HTTP/1.1" 200 43 "http://localhost:8080/" "Mozilla/5.0 (iPhone; CPU iPhone OS 13_2_3 like Mac OS X) AppleWebKit/605.1.15 (KHTML, like Gecko) Version/13.0.3 Mobile/15E148 Safari/604.1"
::1 - - [12/Dec/2020:11:59:46 +0000] "POST /search/isfriend HTTP/1.1" 200 43 "http://localhost:8080/" "Mozilla/5.0 (iPhone; CPU iPhone OS 13_2_3 like Mac OS X) AppleWebKit/605.1.15 (KHTML, like Gecko) Version/13.0.3 Mobile/15E148 Safari/604.1"
::1 - - [12/Dec/2020:11:59:46 +0000] "POST /search/isfriend HTTP/1.1" 200 43 "http://localhost:8080/" "Mozilla/5.0 (iPhone; CPU iPhone OS 13_2_3 like Mac OS X) AppleWebKit/605.1.15 (KHTML, like Gecko) Version/13.0.3 Mobile/15E148 Safari/604.1"
::1 - - [12/Dec/2020:11:59:46 +0000] "POST /search/isfriend HTTP/1.1" 200 43 "http://localhost:8080/" "Mozilla/5.0 (iPhone; CPU iPhone OS 13_2_3 like Mac OS X) AppleWebKit/605.1.15 (KHTML, like Gecko) Version/13.0.3 Mobile/15E148 Safari/604.1"
::1 - - [12/Dec/2020:11:59:46 +0000] "POST /search/isfriend HTTP/1.1" 200 43 "http://localhost:8080/" "Mozilla/5.0 (iPhone; CPU iPhone OS 13_2_3 like Mac OS X) AppleWebKit/605.1.15 (KHTML, like Gecko) Version/13.0.3 Mobile/15E148 Safari/604.1"
::1 - - [12/Dec/2020:12:04:36 +0000] "POST /search/user HTTP/1.1" 200 3266 "http://localhost:8080/" "Mozilla/5.0 (iPhone; CPU iPhone OS 13_2_3 like Mac OS X) AppleWebKit/605.1.15 (KHTML, like Gecko) Version/13.0.3 Mobile/15E148 Safari/604.1"
::1 - - [12/Dec/2020:12:04:36 +0000] "GET /user/user.png HTTP/1.1" 304 - "http://localhost:8080/" "Mozilla/5.0 (iPhone; CPU iPhone OS 13_2_3 like Mac OS X) AppleWebKit/605.1.15 (KHTML, like Gecko) Version/13.0.3 Mobile/15E148 Safari/604.1"
::1 - - [12/Dec/2020:12:04:36 +0000] "POST /search/isfriend HTTP/1.1" 200 43 "http://localhost:8080/" "Mozilla/5.0 (iPhone; CPU iPhone OS 13_2_3 like Mac OS X) AppleWebKit/605.1.15 (KHTML, like Gecko) Version/13.0.3 Mobile/15E148 Safari/604.1"
::1 - - [12/Dec/2020:12:04:36 +0000] "POST /search/isfriend HTTP/1.1" 200 43 "http://localhost:8080/" "Mozilla/5.0 (iPhone; CPU iPhone OS 13_2_3 like Mac OS X) AppleWebKit/605.1.15 (KHTML, like Gecko) Version/13.0.3 Mobile/15E148 Safari/604.1"
::1 - - [12/Dec/2020:12:04:36 +0000] "POST /search/isfriend HTTP/1.1" 200 43 "http://localhost:8080/" "Mozilla/5.0 (iPhone; CPU iPhone OS 13_2_3 like Mac OS X) AppleWebKit/605.1.15 (KHTML, like Gecko) Version/13.0.3 Mobile/15E148 Safari/604.1"
::1 - - [12/Dec/2020:12:04:36 +0000] "POST /search/isfriend HTTP/1.1" 200 43 "http://localhost:8080/" "Mozilla/5.0 (iPhone; CPU iPhone OS 13_2_3 like Mac OS X) AppleWebKit/605.1.15 (KHTML, like Gecko) Version/13.0.3 Mobile/15E148 Safari/604.1"
::1 - - [12/Dec/2020:12:04:36 +0000] "POST /search/isfriend HTTP/1.1" 200 43 "http://localhost:8080/" "Mozilla/5.0 (iPhone; CPU iPhone OS 13_2_3 like Mac OS X) AppleWebKit/605.1.15 (KHTML, like Gecko) Version/13.0.3 Mobile/15E148 Safari/604.1"
::1 - - [12/Dec/2020:12:04:36 +0000] "POST /search/isfriend HTTP/1.1" 200 43 "http://localhost:8080/" "Mozilla/5.0 (iPhone; CPU iPhone OS 13_2_3 like Mac OS X) AppleWebKit/605.1.15 (KHTML, like Gecko) Version/13.0.3 Mobile/15E148 Safari/604.1"
::1 - - [12/Dec/2020:12:04:36 +0000] "POST /search/isfriend HTTP/1.1" 200 43 "http://localhost:8080/" "Mozilla/5.0 (iPhone; CPU iPhone OS 13_2_3 like Mac OS X) AppleWebKit/605.1.15 (KHTML, like Gecko) Version/13.0.3 Mobile/15E148 Safari/604.1"
::1 - - [12/Dec/2020:12:04:36 +0000] "POST /search/isfriend HTTP/1.1" 200 43 "http://localhost:8080/" "Mozilla/5.0 (iPhone; CPU iPhone OS 13_2_3 like Mac OS X) AppleWebKit/605.1.15 (KHTML, like Gecko) Version/13.0.3 Mobile/15E148 Safari/604.1"
::1 - - [12/Dec/2020:12:04:36 +0000] "POST /search/isfriend HTTP/1.1" 200 43 "http://localhost:8080/" "Mozilla/5.0 (iPhone; CPU iPhone OS 13_2_3 like Mac OS X) AppleWebKit/605.1.15 (KHTML, like Gecko) Version/13.0.3 Mobile/15E148 Safari/604.1"
::1 - - [12/Dec/2020:12:04:36 +0000] "POST /search/isfriend HTTP/1.1" 200 43 "http://localhost:8080/" "Mozilla/5.0 (iPhone; CPU iPhone OS 13_2_3 like Mac OS X) AppleWebKit/605.1.15 (KHTML, like Gecko) Version/13.0.3 Mobile/15E148 Safari/604.1"
::1 - - [12/Dec/2020:12:04:36 +0000] "POST /search/isfriend HTTP/1.1" 200 43 "http://localhost:8080/" "Mozilla/5.0 (iPhone; CPU iPhone OS 13_2_3 like Mac OS X) AppleWebKit/605.1.15 (KHTML, like Gecko) Version/13.0.3 Mobile/15E148 Safari/604.1"
::1 - - [12/Dec/2020:12:04:36 +0000] "POST /search/isfriend HTTP/1.1" 200 43 "http://localhost:8080/" "Mozilla/5.0 (iPhone; CPU iPhone OS 13_2_3 like Mac OS X) AppleWebKit/605.1.15 (KHTML, like Gecko) Version/13.0.3 Mobile/15E148 Safari/604.1"
::1 - - [12/Dec/2020:12:04:36 +0000] "POST /search/isfriend HTTP/1.1" 200 43 "http://localhost:8080/" "Mozilla/5.0 (iPhone; CPU iPhone OS 13_2_3 like Mac OS X) AppleWebKit/605.1.15 (KHTML, like Gecko) Version/13.0.3 Mobile/15E148 Safari/604.1"
::1 - - [12/Dec/2020:12:04:36 +0000] "POST /search/isfriend HTTP/1.1" 200 43 "http://localhost:8080/" "Mozilla/5.0 (iPhone; CPU iPhone OS 13_2_3 like Mac OS X) AppleWebKit/605.1.15 (KHTML, like Gecko) Version/13.0.3 Mobile/15E148 Safari/604.1"
::1 - - [12/Dec/2020:12:04:36 +0000] "POST /search/isfriend HTTP/1.1" 200 43 "http://localhost:8080/" "Mozilla/5.0 (iPhone; CPU iPhone OS 13_2_3 like Mac OS X) AppleWebKit/605.1.15 (KHTML, like Gecko) Version/13.0.3 Mobile/15E148 Safari/604.1"
::1 - - [12/Dec/2020:12:04:36 +0000] "POST /search/isfriend HTTP/1.1" 200 43 "http://localhost:8080/" "Mozilla/5.0 (iPhone; CPU iPhone OS 13_2_3 like Mac OS X) AppleWebKit/605.1.15 (KHTML, like Gecko) Version/13.0.3 Mobile/15E148 Safari/604.1"
::1 - - [12/Dec/2020:12:04:36 +0000] "POST /search/isfriend HTTP/1.1" 200 43 "http://localhost:8080/" "Mozilla/5.0 (iPhone; CPU iPhone OS 13_2_3 like Mac OS X) AppleWebKit/605.1.15 (KHTML, like Gecko) Version/13.0.3 Mobile/15E148 Safari/604.1"
::1 - - [12/Dec/2020:12:04:36 +0000] "POST /search/isfriend HTTP/1.1" 200 43 "http://localhost:8080/" "Mozilla/5.0 (iPhone; CPU iPhone OS 13_2_3 like Mac OS X) AppleWebKit/605.1.15 (KHTML, like Gecko) Version/13.0.3 Mobile/15E148 Safari/604.1"
::1 - - [12/Dec/2020:12:04:36 +0000] "POST /search/isfriend HTTP/1.1" 200 43 "http://localhost:8080/" "Mozilla/5.0 (iPhone; CPU iPhone OS 13_2_3 like Mac OS X) AppleWebKit/605.1.15 (KHTML, like Gecko) Version/13.0.3 Mobile/15E148 Safari/604.1"
::1 - - [12/Dec/2020:12:04:36 +0000] "POST /search/isfriend HTTP/1.1" 200 43 "http://localhost:8080/" "Mozilla/5.0 (iPhone; CPU iPhone OS 13_2_3 like Mac OS X) AppleWebKit/605.1.15 (KHTML, like Gecko) Version/13.0.3 Mobile/15E148 Safari/604.1"
::1 - - [12/Dec/2020:12:04:36 +0000] "POST /search/isfriend HTTP/1.1" 200 43 "http://localhost:8080/" "Mozilla/5.0 (iPhone; CPU iPhone OS 13_2_3 like Mac OS X) AppleWebKit/605.1.15 (KHTML, like Gecko) Version/13.0.3 Mobile/15E148 Safari/604.1"
::1 - - [12/Dec/2020:12:04:36 +0000] "POST /search/isfriend HTTP/1.1" 200 43 "http://localhost:8080/" "Mozilla/5.0 (iPhone; CPU iPhone OS 13_2_3 like Mac OS X) AppleWebKit/605.1.15 (KHTML, like Gecko) Version/13.0.3 Mobile/15E148 Safari/604.1"
::1 - - [12/Dec/2020:12:04:36 +0000] "POST /search/isfriend HTTP/1.1" 200 43 "http://localhost:8080/" "Mozilla/5.0 (iPhone; CPU iPhone OS 13_2_3 like Mac OS X) AppleWebKit/605.1.15 (KHTML, like Gecko) Version/13.0.3 Mobile/15E148 Safari/604.1"
::1 - - [12/Dec/2020:12:04:36 +0000] "POST /search/isfriend HTTP/1.1" 200 43 "http://localhost:8080/" "Mozilla/5.0 (iPhone; CPU iPhone OS 13_2_3 like Mac OS X) AppleWebKit/605.1.15 (KHTML, like Gecko) Version/13.0.3 Mobile/15E148 Safari/604.1"
::1 - - [12/Dec/2020:12:04:36 +0000] "POST /search/isfriend HTTP/1.1" 200 43 "http://localhost:8080/" "Mozilla/5.0 (iPhone; CPU iPhone OS 13_2_3 like Mac OS X) AppleWebKit/605.1.15 (KHTML, like Gecko) Version/13.0.3 Mobile/15E148 Safari/604.1"
::1 - - [12/Dec/2020:12:04:36 +0000] "POST /search/isfriend HTTP/1.1" 200 43 "http://localhost:8080/" "Mozilla/5.0 (iPhone; CPU iPhone OS 13_2_3 like Mac OS X) AppleWebKit/605.1.15 (KHTML, like Gecko) Version/13.0.3 Mobile/15E148 Safari/604.1"
::1 - - [12/Dec/2020:12:04:36 +0000] "POST /search/isfriend HTTP/1.1" 200 43 "http://localhost:8080/" "Mozilla/5.0 (iPhone; CPU iPhone OS 13_2_3 like Mac OS X) AppleWebKit/605.1.15 (KHTML, like Gecko) Version/13.0.3 Mobile/15E148 Safari/604.1"
::1 - - [12/Dec/2020:12:04:36 +0000] "POST /search/isfriend HTTP/1.1" 200 43 "http://localhost:8080/" "Mozilla/5.0 (iPhone; CPU iPhone OS 13_2_3 like Mac OS X) AppleWebKit/605.1.15 (KHTML, like Gecko) Version/13.0.3 Mobile/15E148 Safari/604.1"
::1 - - [12/Dec/2020:12:04:36 +0000] "POST /search/isfriend HTTP/1.1" 200 43 "http://localhost:8080/" "Mozilla/5.0 (iPhone; CPU iPhone OS 13_2_3 like Mac OS X) AppleWebKit/605.1.15 (KHTML, like Gecko) Version/13.0.3 Mobile/15E148 Safari/604.1"
::1 - - [12/Dec/2020:12:04:36 +0000] "POST /search/isfriend HTTP/1.1" 200 43 "http://localhost:8080/" "Mozilla/5.0 (iPhone; CPU iPhone OS 13_2_3 like Mac OS X) AppleWebKit/605.1.15 (KHTML, like Gecko) Version/13.0.3 Mobile/15E148 Safari/604.1"
::1 - - [12/Dec/2020:12:04:36 +0000] "POST /search/isfriend HTTP/1.1" 200 43 "http://localhost:8080/" "Mozilla/5.0 (iPhone; CPU iPhone OS 13_2_3 like Mac OS X) AppleWebKit/605.1.15 (KHTML, like Gecko) Version/13.0.3 Mobile/15E148 Safari/604.1"
::1 - - [12/Dec/2020:12:04:36 +0000] "POST /search/isfriend HTTP/1.1" 200 43 "http://localhost:8080/" "Mozilla/5.0 (iPhone; CPU iPhone OS 13_2_3 like Mac OS X) AppleWebKit/605.1.15 (KHTML, like Gecko) Version/13.0.3 Mobile/15E148 Safari/604.1"
::1 - - [12/Dec/2020:12:04:36 +0000] "POST /search/isfriend HTTP/1.1" 200 43 "http://localhost:8080/" "Mozilla/5.0 (iPhone; CPU iPhone OS 13_2_3 like Mac OS X) AppleWebKit/605.1.15 (KHTML, like Gecko) Version/13.0.3 Mobile/15E148 Safari/604.1"
::1 - - [12/Dec/2020:12:04:36 +0000] "POST /search/isfriend HTTP/1.1" 200 43 "http://localhost:8080/" "Mozilla/5.0 (iPhone; CPU iPhone OS 13_2_3 like Mac OS X) AppleWebKit/605.1.15 (KHTML, like Gecko) Version/13.0.3 Mobile/15E148 Safari/604.1"
::1 - - [12/Dec/2020:13:04:58 +0000] "POST /signin/match HTTP/1.1" 200 328 "http://localhost:8080/" "Mozilla/5.0 (iPhone; CPU iPhone OS 13_2_3 like Mac OS X) AppleWebKit/605.1.15 (KHTML, like Gecko) Version/13.0.3 Mobile/15E148 Safari/604.1"
::1 - - [12/Dec/2020:13:04:58 +0000] "GET /user/user.png HTTP/1.1" 304 - "http://localhost:8080/" "Mozilla/5.0 (iPhone; CPU iPhone OS 13_2_3 like Mac OS X) AppleWebKit/605.1.15 (KHTML, like Gecko) Version/13.0.3 Mobile/15E148 Safari/604.1"
::1 - - [12/Dec/2020:23:57:34 +0000] "GET /user/user.png HTTP/1.1" 304 - "http://localhost:8080/" "Mozilla/5.0 (iPhone; CPU iPhone OS 13_2_3 like Mac OS X) AppleWebKit/605.1.15 (KHTML, like Gecko) Version/13.0.3 Mobile/15E148 Safari/604.1"
::1 - - [13/Dec/2020:00:27:20 +0000] "POST /signin/match HTTP/1.1" 200 18 "http://localhost:8080/" "Mozilla/5.0 (iPhone; CPU iPhone OS 13_2_3 like Mac OS X) AppleWebKit/605.1.15 (KHTML, like Gecko) Version/13.0.3 Mobile/15E148 Safari/604.1"
::1 - - [13/Dec/2020:00:27:57 +0000] "POST /signin/match HTTP/1.1" 200 18 "http://localhost:8080/" "Mozilla/5.0 (iPhone; CPU iPhone OS 13_2_3 like Mac OS X) AppleWebKit/605.1.15 (KHTML, like Gecko) Version/13.0.3 Mobile/15E148 Safari/604.1"
::1 - - [13/Dec/2020:00:28:30 +0000] "POST /signin/match HTTP/1.1" 200 18 "http://localhost:8080/" "Mozilla/5.0 (iPhone; CPU iPhone OS 13_2_3 like Mac OS X) AppleWebKit/605.1.15 (KHTML, like Gecko) Version/13.0.3 Mobile/15E148 Safari/604.1"
::1 - - [13/Dec/2020:00:28:56 +0000] "POST /signup/judge HTTP/1.1" 200 29 "http://localhost:8080/" "Mozilla/5.0 (iPhone; CPU iPhone OS 13_2_3 like Mac OS X) AppleWebKit/605.1.15 (KHTML, like Gecko) Version/13.0.3 Mobile/15E148 Safari/604.1"
::1 - - [13/Dec/2020:00:30:06 +0000] "POST /signup/judge HTTP/1.1" 200 29 "http://localhost:8080/" "Mozilla/5.0 (iPhone; CPU iPhone OS 13_2_3 like Mac OS X) AppleWebKit/605.1.15 (KHTML, like Gecko) Version/13.0.3 Mobile/15E148 Safari/604.1"
::1 - - [13/Dec/2020:00:30:09 +0000] "POST /signup/judge HTTP/1.1" 200 29 "http://localhost:8080/" "Mozilla/5.0 (iPhone; CPU iPhone OS 13_2_3 like Mac OS X) AppleWebKit/605.1.15 (KHTML, like Gecko) Version/13.0.3 Mobile/15E148 Safari/604.1"
::1 - - [13/Dec/2020:00:30:23 +0000] "POST /signup/judge HTTP/1.1" 200 29 "http://localhost:8080/" "Mozilla/5.0 (iPhone; CPU iPhone OS 13_2_3 like Mac OS X) AppleWebKit/605.1.15 (KHTML, like Gecko) Version/13.0.3 Mobile/15E148 Safari/604.1"
::1 - - [13/Dec/2020:00:30:27 +0000] "POST /signup/judge HTTP/1.1" 200 29 "http://localhost:8080/" "Mozilla/5.0 (iPhone; CPU iPhone OS 13_2_3 like Mac OS X) AppleWebKit/605.1.15 (KHTML, like Gecko) Version/13.0.3 Mobile/15E148 Safari/604.1"
::1 - - [13/Dec/2020:00:30:39 +0000] "POST /signup/add HTTP/1.1" 200 18 "http://localhost:8080/" "Mozilla/5.0 (iPhone; CPU iPhone OS 13_2_3 like Mac OS X) AppleWebKit/605.1.15 (KHTML, like Gecko) Version/13.0.3 Mobile/15E148 Safari/604.1"
::1 - - [13/Dec/2020:00:30:44 +0000] "POST /signin/match HTTP/1.1" 200 321 "http://localhost:8080/" "Mozilla/5.0 (iPhone; CPU iPhone OS 13_2_3 like Mac OS X) AppleWebKit/605.1.15 (KHTML, like Gecko) Version/13.0.3 Mobile/15E148 Safari/604.1"
::1 - - [13/Dec/2020:00:33:12 +0000] "POST /signin/match HTTP/1.1" 200 321 "http://localhost:8080/" "Mozilla/5.0 (iPhone; CPU iPhone OS 13_2_3 like Mac OS X) AppleWebKit/605.1.15 (KHTML, like Gecko) Version/13.0.3 Mobile/15E148 Safari/604.1"
::1 - - [13/Dec/2020:00:34:01 +0000] "POST /signin/match HTTP/1.1" 200 321 "http://localhost:8080/" "Mozilla/5.0 (iPhone; CPU iPhone OS 13_2_3 like Mac OS X) AppleWebKit/605.1.15 (KHTML, like Gecko) Version/13.0.3 Mobile/15E148 Safari/604.1"
::1 - - [13/Dec/2020:00:53:28 +0000] "POST /signin/match HTTP/1.1" 200 321 "http://localhost:8080/" "Mozilla/5.0 (iPhone; CPU iPhone OS 13_2_3 like Mac OS X) AppleWebKit/605.1.15 (KHTML, like Gecko) Version/13.0.3 Mobile/15E148 Safari/604.1"
::1 - - [13/Dec/2020:00:54:56 +0000] "POST /signin/match HTTP/1.1" 200 321 "http://localhost:8080/" "Mozilla/5.0 (iPhone; CPU iPhone OS 13_2_3 like Mac OS X) AppleWebKit/605.1.15 (KHTML, like Gecko) Version/13.0.3 Mobile/15E148 Safari/604.1"
::1 - - [13/Dec/2020:00:55:35 +0000] "POST /signin/match HTTP/1.1" 200 321 "http://localhost:8080/" "Mozilla/5.0 (iPhone; CPU iPhone OS 13_2_3 like Mac OS X) AppleWebKit/605.1.15 (KHTML, like Gecko) Version/13.0.3 Mobile/15E148 Safari/604.1"
::1 - - [13/Dec/2020:00:56:51 +0000] "POST /signin/match HTTP/1.1" 200 321 "http://localhost:8080/" "Mozilla/5.0 (iPhone; CPU iPhone OS 13_2_3 like Mac OS X) AppleWebKit/605.1.15 (KHTML, like Gecko) Version/13.0.3 Mobile/15E148 Safari/604.1"
::1 - - [13/Dec/2020:00:57:16 +0000] "POST /signin/match HTTP/1.1" 200 321 "http://localhost:8080/" "Mozilla/5.0 (iPhone; CPU iPhone OS 13_2_3 like Mac OS X) AppleWebKit/605.1.15 (KHTML, like Gecko) Version/13.0.3 Mobile/15E148 Safari/604.1"
::1 - - [13/Dec/2020:00:57:58 +0000] "POST /signin/match HTTP/1.1" 200 321 "http://localhost:8080/" "Mozilla/5.0 (iPhone; CPU iPhone OS 13_2_3 like Mac OS X) AppleWebKit/605.1.15 (KHTML, like Gecko) Version/13.0.3 Mobile/15E148 Safari/604.1"
::1 - - [13/Dec/2020:01:03:10 +0000] "POST /signin/match HTTP/1.1" 200 321 "http://localhost:8080/" "Mozilla/5.0 (iPhone; CPU iPhone OS 13_2_3 like Mac OS X) AppleWebKit/605.1.15 (KHTML, like Gecko) Version/13.0.3 Mobile/15E148 Safari/604.1"
::1 - - [13/Dec/2020:01:09:41 +0000] "POST /signin/match HTTP/1.1" 200 18 "http://localhost:8080/" "Mozilla/5.0 (iPhone; CPU iPhone OS 13_2_3 like Mac OS X) AppleWebKit/605.1.15 (KHTML, like Gecko) Version/13.0.3 Mobile/15E148 Safari/604.1"
::1 - - [13/Dec/2020:01:13:26 +0000] "POST /signin/match HTTP/1.1" 200 18 "http://localhost:8080/" "Mozilla/5.0 (iPhone; CPU iPhone OS 13_2_3 like Mac OS X) AppleWebKit/605.1.15 (KHTML, like Gecko) Version/13.0.3 Mobile/15E148 Safari/604.1"
::1 - - [13/Dec/2020:01:15:41 +0000] "POST /signin/match HTTP/1.1" 200 18 "http://localhost:8080/" "Mozilla/5.0 (iPhone; CPU iPhone OS 13_2_3 like Mac OS X) AppleWebKit/605.1.15 (KHTML, like Gecko) Version/13.0.3 Mobile/15E148 Safari/604.1"
::1 - - [13/Dec/2020:01:16:47 +0000] "POST /signin/match HTTP/1.1" 200 18 "http://localhost:8080/" "Mozilla/5.0 (iPhone; CPU iPhone OS 13_2_3 like Mac OS X) AppleWebKit/605.1.15 (KHTML, like Gecko) Version/13.0.3 Mobile/15E148 Safari/604.1"
::1 - - [13/Dec/2020:01:17:03 +0000] "POST /signin/match HTTP/1.1" 200 321 "http://localhost:8080/" "Mozilla/5.0 (iPhone; CPU iPhone OS 13_2_3 like Mac OS X) AppleWebKit/605.1.15 (KHTML, like Gecko) Version/13.0.3 Mobile/15E148 Safari/604.1"
::1 - - [13/Dec/2020:01:18:11 +0000] "POST /signin/match HTTP/1.1" 200 321 "http://localhost:8080/" "Mozilla/5.0 (iPhone; CPU iPhone OS 13_2_3 like Mac OS X) AppleWebKit/605.1.15 (KHTML, like Gecko) Version/13.0.3 Mobile/15E148 Safari/604.1"
::1 - - [13/Dec/2020:01:18:57 +0000] "POST /signin/match HTTP/1.1" 200 321 "http://localhost:8080/" "Mozilla/5.0 (iPhone; CPU iPhone OS 13_2_3 like Mac OS X) AppleWebKit/605.1.15 (KHTML, like Gecko) Version/13.0.3 Mobile/15E148 Safari/604.1"
::1 - - [13/Dec/2020:01:19:59 +0000] "POST /signin/match HTTP/1.1" 200 321 "http://localhost:8080/" "Mozilla/5.0 (iPhone; CPU iPhone OS 13_2_3 like Mac OS X) AppleWebKit/605.1.15 (KHTML, like Gecko) Version/13.0.3 Mobile/15E148 Safari/604.1"
::1 - - [13/Dec/2020:01:22:26 +0000] "POST /signin/match HTTP/1.1" 200 321 "http://localhost:8080/" "Mozilla/5.0 (iPhone; CPU iPhone OS 13_2_3 like Mac OS X) AppleWebKit/605.1.15 (KHTML, like Gecko) Version/13.0.3 Mobile/15E148 Safari/604.1"
::1 - - [13/Dec/2020:01:22:54 +0000] "POST /signin/match HTTP/1.1" 200 321 "http://localhost:8080/" "Mozilla/5.0 (iPhone; CPU iPhone OS 13_2_3 like Mac OS X) AppleWebKit/605.1.15 (KHTML, like Gecko) Version/13.0.3 Mobile/15E148 Safari/604.1"
::1 - - [13/Dec/2020:01:25:49 +0000] "POST /signin/match HTTP/1.1" 200 321 "http://localhost:8080/" "Mozilla/5.0 (iPhone; CPU iPhone OS 13_2_3 like Mac OS X) AppleWebKit/605.1.15 (KHTML, like Gecko) Version/13.0.3 Mobile/15E148 Safari/604.1"
::1 - - [13/Dec/2020:01:26:26 +0000] "POST /signin/match HTTP/1.1" 200 18 "http://localhost:8080/" "Mozilla/5.0 (iPhone; CPU iPhone OS 13_2_3 like Mac OS X) AppleWebKit/605.1.15 (KHTML, like Gecko) Version/13.0.3 Mobile/15E148 Safari/604.1"
::1 - - [13/Dec/2020:01:26:43 +0000] "POST /signin/match HTTP/1.1" 200 321 "http://localhost:8080/" "Mozilla/5.0 (iPhone; CPU iPhone OS 13_2_3 like Mac OS X) AppleWebKit/605.1.15 (KHTML, like Gecko) Version/13.0.3 Mobile/15E148 Safari/604.1"
::1 - - [13/Dec/2020:01:31:41 +0000] "POST /signin/match HTTP/1.1" 200 321 "http://localhost:8080/" "Mozilla/5.0 (iPhone; CPU iPhone OS 13_2_3 like Mac OS X) AppleWebKit/605.1.15 (KHTML, like Gecko) Version/13.0.3 Mobile/15E148 Safari/604.1"
::1 - - [13/Dec/2020:01:33:35 +0000] "POST /signin/match HTTP/1.1" 200 321 "http://localhost:8080/" "Mozilla/5.0 (iPhone; CPU iPhone OS 13_2_3 like Mac OS X) AppleWebKit/605.1.15 (KHTML, like Gecko) Version/13.0.3 Mobile/15E148 Safari/604.1"
::1 - - [13/Dec/2020:01:34:30 +0000] "POST /signin/match HTTP/1.1" 200 321 "http://localhost:8080/" "Mozilla/5.0 (iPhone; CPU iPhone OS 13_2_3 like Mac OS X) AppleWebKit/605.1.15 (KHTML, like Gecko) Version/13.0.3 Mobile/15E148 Safari/604.1"
::1 - - [13/Dec/2020:01:39:15 +0000] "POST /signin/match HTTP/1.1" 200 321 "http://localhost:8080/" "Mozilla/5.0 (iPhone; CPU iPhone OS 13_2_3 like Mac OS X) AppleWebKit/605.1.15 (KHTML, like Gecko) Version/13.0.3 Mobile/15E148 Safari/604.1"
::1 - - [13/Dec/2020:01:39:35 +0000] "GET /user/user.png HTTP/1.1" 304 - "http://localhost:8080/" "Mozilla/5.0 (iPhone; CPU iPhone OS 13_2_3 like Mac OS X) AppleWebKit/605.1.15 (KHTML, like Gecko) Version/13.0.3 Mobile/15E148 Safari/604.1"
::1 - - [13/Dec/2020:01:41:17 +0000] "POST /signin/match HTTP/1.1" 200 321 "http://localhost:8080/" "Mozilla/5.0 (iPhone; CPU iPhone OS 13_2_3 like Mac OS X) AppleWebKit/605.1.15 (KHTML, like Gecko) Version/13.0.3 Mobile/15E148 Safari/604.1"
::1 - - [13/Dec/2020:01:41:21 +0000] "POST /search/user HTTP/1.1" 200 122 "http://localhost:8080/" "Mozilla/5.0 (iPhone; CPU iPhone OS 13_2_3 like Mac OS X) AppleWebKit/605.1.15 (KHTML, like Gecko) Version/13.0.3 Mobile/15E148 Safari/604.1"
::1 - - [13/Dec/2020:01:41:21 +0000] "POST /search/isfriend HTTP/1.1" 200 43 "http://localhost:8080/" "Mozilla/5.0 (iPhone; CPU iPhone OS 13_2_3 like Mac OS X) AppleWebKit/605.1.15 (KHTML, like Gecko) Version/13.0.3 Mobile/15E148 Safari/604.1"
::1 - - [13/Dec/2020:01:41:28 +0000] "POST /user/detail HTTP/1.1" 200 48 "http://localhost:8080/" "Mozilla/5.0 (iPhone; CPU iPhone OS 13_2_3 like Mac OS X) AppleWebKit/605.1.15 (KHTML, like Gecko) Version/13.0.3 Mobile/15E148 Safari/604.1"
::1 - - [13/Dec/2020:01:41:28 +0000] "POST /search/isfriend HTTP/1.1" 200 48 "http://localhost:8080/" "Mozilla/5.0 (iPhone; CPU iPhone OS 13_2_3 like Mac OS X) AppleWebKit/605.1.15 (KHTML, like Gecko) Version/13.0.3 Mobile/15E148 Safari/604.1"
::1 - - [13/Dec/2020:01:41:28 +0000] "POST /search/isfriend HTTP/1.1" 200 48 "http://localhost:8080/" "Mozilla/5.0 (iPhone; CPU iPhone OS 13_2_3 like Mac OS X) AppleWebKit/605.1.15 (KHTML, like Gecko) Version/13.0.3 Mobile/15E148 Safari/604.1"
::1 - - [13/Dec/2020:01:43:40 +0000] "POST /search/isfriend HTTP/1.1" 200 48 "http://localhost:8080/" "Mozilla/5.0 (iPhone; CPU iPhone OS 13_2_3 like Mac OS X) AppleWebKit/605.1.15 (KHTML, like Gecko) Version/13.0.3 Mobile/15E148 Safari/604.1"
::1 - - [13/Dec/2020:01:43:52 +0000] "POST /search/isfriend HTTP/1.1" 200 48 "http://localhost:8080/" "Mozilla/5.0 (iPhone; CPU iPhone OS 13_2_3 like Mac OS X) AppleWebKit/605.1.15 (KHTML, like Gecko) Version/13.0.3 Mobile/15E148 Safari/604.1"
::1 - - [13/Dec/2020:01:44:43 +0000] "POST /signin/match HTTP/1.1" 200 321 "http://localhost:8080/" "Mozilla/5.0 (iPhone; CPU iPhone OS 13_2_3 like Mac OS X) AppleWebKit/605.1.15 (KHTML, like Gecko) Version/13.0.3 Mobile/15E148 Safari/604.1"
::1 - - [13/Dec/2020:01:44:43 +0000] "GET /user/user.png HTTP/1.1" 304 - "http://localhost:8080/" "Mozilla/5.0 (iPhone; CPU iPhone OS 13_2_3 like Mac OS X) AppleWebKit/605.1.15 (KHTML, like Gecko) Version/13.0.3 Mobile/15E148 Safari/604.1"
::1 - - [13/Dec/2020:01:44:44 +0000] "POST /search/isfriend HTTP/1.1" 200 48 "http://localhost:8080/" "Mozilla/5.0 (iPhone; CPU iPhone OS 13_2_3 like Mac OS X) AppleWebKit/605.1.15 (KHTML, like Gecko) Version/13.0.3 Mobile/15E148 Safari/604.1"
::1 - - [13/Dec/2020:01:45:03 +0000] "POST /user/detail HTTP/1.1" 200 187 "http://localhost:8080/" "Mozilla/5.0 (iPhone; CPU iPhone OS 13_2_3 like Mac OS X) AppleWebKit/605.1.15 (KHTML, like Gecko) Version/13.0.3 Mobile/15E148 Safari/604.1"
::1 - - [13/Dec/2020:01:45:18 +0000] "POST /user/detail HTTP/1.1" 200 187 "http://localhost:8080/" "Mozilla/5.0 (iPhone; CPU iPhone OS 13_2_3 like Mac OS X) AppleWebKit/605.1.15 (KHTML, like Gecko) Version/13.0.3 Mobile/15E148 Safari/604.1"
::1 - - [13/Dec/2020:01:55:39 +0000] "GET /user/user.png HTTP/1.1" 304 - "http://localhost:8080/" "Mozilla/5.0 (Windows NT 10.0; Win64; x64) AppleWebKit/537.36 (KHTML, like Gecko) Chrome/87.0.4280.66 Safari/537.36"
::1 - - [13/Dec/2020:01:55:41 +0000] "GET /user/user.png HTTP/1.1" 304 - "http://localhost:8080/" "Mozilla/5.0 (iPhone; CPU iPhone OS 13_2_3 like Mac OS X) AppleWebKit/605.1.15 (KHTML, like Gecko) Version/13.0.3 Mobile/15E148 Safari/604.1"
::1 - - [13/Dec/2020:02:35:27 +0000] "GET /user/user.png HTTP/1.1" 304 - "http://localhost:8080/" "Mozilla/5.0 (iPhone; CPU iPhone OS 13_2_3 like Mac OS X) AppleWebKit/605.1.15 (KHTML, like Gecko) Version/13.0.3 Mobile/15E148 Safari/604.1"
::1 - - [13/Dec/2020:02:35:50 +0000] "GET /user/user.png HTTP/1.1" 304 - "http://localhost:8080/" "Mozilla/5.0 (iPhone; CPU iPhone OS 13_2_3 like Mac OS X) AppleWebKit/605.1.15 (KHTML, like Gecko) Version/13.0.3 Mobile/15E148 Safari/604.1"
::1 - - [13/Dec/2020:02:35:53 +0000] "GET /user/user.png HTTP/1.1" 304 - "http://localhost:8080/" "Mozilla/5.0 (iPhone; CPU iPhone OS 13_2_3 like Mac OS X) AppleWebKit/605.1.15 (KHTML, like Gecko) Version/13.0.3 Mobile/15E148 Safari/604.1"
::1 - - [13/Dec/2020:02:36:27 +0000] "GET /user/user.png HTTP/1.1" 304 - "http://localhost:8080/" "Mozilla/5.0 (iPhone; CPU iPhone OS 13_2_3 like Mac OS X) AppleWebKit/605.1.15 (KHTML, like Gecko) Version/13.0.3 Mobile/15E148 Safari/604.1"
::1 - - [13/Dec/2020:02:40:18 +0000] "GET /user/user.png HTTP/1.1" 304 - "http://localhost:8080/" "Mozilla/5.0 (iPhone; CPU iPhone OS 13_2_3 like Mac OS X) AppleWebKit/605.1.15 (KHTML, like Gecko) Version/13.0.3 Mobile/15E148 Safari/604.1"
::1 - - [13/Dec/2020:02:40:31 +0000] "GET /user/user.png HTTP/1.1" 304 - "http://localhost:8080/" "Mozilla/5.0 (iPhone; CPU iPhone OS 13_2_3 like Mac OS X) AppleWebKit/605.1.15 (KHTML, like Gecko) Version/13.0.3 Mobile/15E148 Safari/604.1"
::1 - - [13/Dec/2020:02:44:14 +0000] "GET /user/user.png HTTP/1.1" 304 - "http://localhost:8080/" "Mozilla/5.0 (iPhone; CPU iPhone OS 13_2_3 like Mac OS X) AppleWebKit/605.1.15 (KHTML, like Gecko) Version/13.0.3 Mobile/15E148 Safari/604.1"
::1 - - [13/Dec/2020:02:45:03 +0000] "GET /user/user.png HTTP/1.1" 304 - "http://localhost:8080/" "Mozilla/5.0 (iPhone; CPU iPhone OS 13_2_3 like Mac OS X) AppleWebKit/605.1.15 (KHTML, like Gecko) Version/13.0.3 Mobile/15E148 Safari/604.1"
::1 - - [13/Dec/2020:02:45:30 +0000] "GET /user/user.png HTTP/1.1" 304 - "http://localhost:8080/" "Mozilla/5.0 (iPhone; CPU iPhone OS 13_2_3 like Mac OS X) AppleWebKit/605.1.15 (KHTML, like Gecko) Version/13.0.3 Mobile/15E148 Safari/604.1"
::1 - - [13/Dec/2020:02:46:56 +0000] "GET /user/user.png HTTP/1.1" 304 - "http://localhost:8080/" "Mozilla/5.0 (iPhone; CPU iPhone OS 13_2_3 like Mac OS X) AppleWebKit/605.1.15 (KHTML, like Gecko) Version/13.0.3 Mobile/15E148 Safari/604.1"
::1 - - [13/Dec/2020:02:49:28 +0000] "GET /user/user.png HTTP/1.1" 304 - "http://localhost:8080/" "Mozilla/5.0 (iPhone; CPU iPhone OS 13_2_3 like Mac OS X) AppleWebKit/605.1.15 (KHTML, like Gecko) Version/13.0.3 Mobile/15E148 Safari/604.1"
::1 - - [13/Dec/2020:02:49:49 +0000] "GET /user/user.png HTTP/1.1" 304 - "http://localhost:8080/" "Mozilla/5.0 (iPhone; CPU iPhone OS 13_2_3 like Mac OS X) AppleWebKit/605.1.15 (KHTML, like Gecko) Version/13.0.3 Mobile/15E148 Safari/604.1"
::1 - - [13/Dec/2020:02:50:46 +0000] "GET /user/user.png HTTP/1.1" 304 - "http://localhost:8080/" "Mozilla/5.0 (iPhone; CPU iPhone OS 13_2_3 like Mac OS X) AppleWebKit/605.1.15 (KHTML, like Gecko) Version/13.0.3 Mobile/15E148 Safari/604.1"
::1 - - [13/Dec/2020:03:00:13 +0000] "GET /user/user.png HTTP/1.1" 304 - "http://localhost:8080/" "Mozilla/5.0 (iPhone; CPU iPhone OS 13_2_3 like Mac OS X) AppleWebKit/605.1.15 (KHTML, like Gecko) Version/13.0.3 Mobile/15E148 Safari/604.1"
::1 - - [13/Dec/2020:03:00:22 +0000] "POST /search/user HTTP/1.1" 200 122 "http://localhost:8080/" "Mozilla/5.0 (iPhone; CPU iPhone OS 13_2_3 like Mac OS X) AppleWebKit/605.1.15 (KHTML, like Gecko) Version/13.0.3 Mobile/15E148 Safari/604.1"
::1 - - [13/Dec/2020:03:00:22 +0000] "POST /search/isfriend HTTP/1.1" 200 43 "http://localhost:8080/" "Mozilla/5.0 (iPhone; CPU iPhone OS 13_2_3 like Mac OS X) AppleWebKit/605.1.15 (KHTML, like Gecko) Version/13.0.3 Mobile/15E148 Safari/604.1"
::1 - - [13/Dec/2020:03:00:24 +0000] "POST /user/detail HTTP/1.1" 200 187 "http://localhost:8080/" "Mozilla/5.0 (iPhone; CPU iPhone OS 13_2_3 like Mac OS X) AppleWebKit/605.1.15 (KHTML, like Gecko) Version/13.0.3 Mobile/15E148 Safari/604.1"
::1 - - [13/Dec/2020:04:09:24 +0000] "GET /user/user.png HTTP/1.1" 304 - "http://localhost:8080/" "Mozilla/5.0 (iPhone; CPU iPhone OS 13_2_3 like Mac OS X) AppleWebKit/605.1.15 (KHTML, like Gecko) Version/13.0.3 Mobile/15E148 Safari/604.1"
::1 - - [13/Dec/2020:04:09:51 +0000] "GET /user/user.png HTTP/1.1" 304 - "http://localhost:8080/" "Mozilla/5.0 (iPhone; CPU iPhone OS 13_2_3 like Mac OS X) AppleWebKit/605.1.15 (KHTML, like Gecko) Version/13.0.3 Mobile/15E148 Safari/604.1"
::1 - - [13/Dec/2020:04:14:27 +0000] "GET /user/user.png HTTP/1.1" 304 - "http://localhost:8080/" "Mozilla/5.0 (iPhone; CPU iPhone OS 13_2_3 like Mac OS X) AppleWebKit/605.1.15 (KHTML, like Gecko) Version/13.0.3 Mobile/15E148 Safari/604.1"
::1 - - [13/Dec/2020:04:38:12 +0000] "GET /user/user.png HTTP/1.1" 304 - "http://localhost:8080/" "Mozilla/5.0 (iPhone; CPU iPhone OS 10_3_1 like Mac OS X) AppleWebKit/603.1.30 (KHTML, like Gecko) Version/10.0 Mobile/14E304 Safari/602.1"
::1 - - [13/Dec/2020:04:45:55 +0000] "GET /user/user.png HTTP/1.1" 304 - "http://localhost:8080/" "Mozilla/5.0 (iPhone; CPU iPhone OS 13_2_3 like Mac OS X) AppleWebKit/605.1.15 (KHTML, like Gecko) Version/13.0.3 Mobile/15E148 Safari/604.1"
::1 - - [13/Dec/2020:04:51:07 +0000] "GET /user/user.png HTTP/1.1" 304 - "http://localhost:8080/" "Mozilla/5.0 (iPhone; CPU iPhone OS 13_2_3 like Mac OS X) AppleWebKit/605.1.15 (KHTML, like Gecko) Version/13.0.3 Mobile/15E148 Safari/604.1"
::1 - - [13/Dec/2020:04:51:12 +0000] "GET /user/user.png HTTP/1.1" 304 - "http://localhost:8080/" "Mozilla/5.0 (iPhone; CPU iPhone OS 13_2_3 like Mac OS X) AppleWebKit/605.1.15 (KHTML, like Gecko) Version/13.0.3 Mobile/15E148 Safari/604.1"
::1 - - [13/Dec/2020:05:01:33 +0000] "GET /user/user.png HTTP/1.1" 304 - "http://localhost:8080/" "Mozilla/5.0 (iPhone; CPU iPhone OS 13_2_3 like Mac OS X) AppleWebKit/605.1.15 (KHTML, like Gecko) Version/13.0.3 Mobile/15E148 Safari/604.1"
::1 - - [13/Dec/2020:06:48:24 +0000] "GET /user/user.png HTTP/1.1" 304 - "http://localhost:8080/" "Mozilla/5.0 (iPhone; CPU iPhone OS 13_2_3 like Mac OS X) AppleWebKit/605.1.15 (KHTML, like Gecko) Version/13.0.3 Mobile/15E148 Safari/604.1"
::1 - - [13/Dec/2020:06:48:25 +0000] "POST /user/detail HTTP/1.1" 200 187 "http://localhost:8080/" "Mozilla/5.0 (iPhone; CPU iPhone OS 13_2_3 like Mac OS X) AppleWebKit/605.1.15 (KHTML, like Gecko) Version/13.0.3 Mobile/15E148 Safari/604.1"
::1 - - [13/Dec/2020:06:49:04 +0000] "GET /user/user.png HTTP/1.1" 304 - "http://localhost:8080/" "Mozilla/5.0 (iPhone; CPU iPhone OS 13_2_3 like Mac OS X) AppleWebKit/605.1.15 (KHTML, like Gecko) Version/13.0.3 Mobile/15E148 Safari/604.1"
::1 - - [13/Dec/2020:06:49:05 +0000] "POST /user/detail HTTP/1.1" 200 187 "http://localhost:8080/" "Mozilla/5.0 (iPhone; CPU iPhone OS 13_2_3 like Mac OS X) AppleWebKit/605.1.15 (KHTML, like Gecko) Version/13.0.3 Mobile/15E148 Safari/604.1"
::1 - - [13/Dec/2020:06:51:07 +0000] "GET / HTTP/1.1" 200 18 "http://localhost:8080/" "Mozilla/5.0 (iPhone; CPU iPhone OS 13_2_3 like Mac OS X) AppleWebKit/605.1.15 (KHTML, like Gecko) Version/13.0.3 Mobile/15E148 Safari/604.1"
::1 - - [13/Dec/2020:06:52:03 +0000] "GET /user/user.png HTTP/1.1" 304 - "http://localhost:8080/" "Mozilla/5.0 (iPhone; CPU iPhone OS 13_2_3 like Mac OS X) AppleWebKit/605.1.15 (KHTML, like Gecko) Version/13.0.3 Mobile/15E148 Safari/604.1"
::1 - - [13/Dec/2020:06:52:07 +0000] "GET /user/user.png HTTP/1.1" 304 - "http://localhost:8080/" "Mozilla/5.0 (iPhone; CPU iPhone OS 13_2_3 like Mac OS X) AppleWebKit/605.1.15 (KHTML, like Gecko) Version/13.0.3 Mobile/15E148 Safari/604.1"
::1 - - [13/Dec/2020:07:05:01 +0000] "POST /user/detail HTTP/1.1" 200 187 "http://localhost:8080/" "Mozilla/5.0 (iPhone; CPU iPhone OS 13_2_3 like Mac OS X) AppleWebKit/605.1.15 (KHTML, like Gecko) Version/13.0.3 Mobile/15E148 Safari/604.1"
::1 - - [13/Dec/2020:07:05:18 +0000] "POST /user/detail HTTP/1.1" 200 187 "http://localhost:8080/" "Mozilla/5.0 (iPhone; CPU iPhone OS 13_2_3 like Mac OS X) AppleWebKit/605.1.15 (KHTML, like Gecko) Version/13.0.3 Mobile/15E148 Safari/604.1"
::1 - - [13/Dec/2020:07:05:22 +0000] "POST /user/detail HTTP/1.1" 200 187 "http://localhost:8080/" "Mozilla/5.0 (iPhone; CPU iPhone OS 13_2_3 like Mac OS X) AppleWebKit/605.1.15 (KHTML, like Gecko) Version/13.0.3 Mobile/15E148 Safari/604.1"
::1 - - [13/Dec/2020:07:06:48 +0000] "POST /user/detail HTTP/1.1" 200 187 "http://localhost:8080/" "Mozilla/5.0 (iPhone; CPU iPhone OS 13_2_3 like Mac OS X) AppleWebKit/605.1.15 (KHTML, like Gecko) Version/13.0.3 Mobile/15E148 Safari/604.1"
::1 - - [13/Dec/2020:07:06:48 +0000] "GET /user/user.png HTTP/1.1" 304 - "http://localhost:8080/" "Mozilla/5.0 (iPhone; CPU iPhone OS 13_2_3 like Mac OS X) AppleWebKit/605.1.15 (KHTML, like Gecko) Version/13.0.3 Mobile/15E148 Safari/604.1"
::1 - - [13/Dec/2020:07:07:08 +0000] "POST /user/detail HTTP/1.1" 200 187 "http://localhost:8080/" "Mozilla/5.0 (iPhone; CPU iPhone OS 13_2_3 like Mac OS X) AppleWebKit/605.1.15 (KHTML, like Gecko) Version/13.0.3 Mobile/15E148 Safari/604.1"
::1 - - [13/Dec/2020:07:08:47 +0000] "POST /user/detail HTTP/1.1" 200 187 "http://localhost:8080/" "Mozilla/5.0 (iPhone; CPU iPhone OS 13_2_3 like Mac OS X) AppleWebKit/605.1.15 (KHTML, like Gecko) Version/13.0.3 Mobile/15E148 Safari/604.1"
::1 - - [13/Dec/2020:07:08:47 +0000] "GET /user/user.png HTTP/1.1" 304 - "http://localhost:8080/" "Mozilla/5.0 (iPhone; CPU iPhone OS 13_2_3 like Mac OS X) AppleWebKit/605.1.15 (KHTML, like Gecko) Version/13.0.3 Mobile/15E148 Safari/604.1"
::1 - - [13/Dec/2020:07:17:50 +0000] "POST /user/detail HTTP/1.1" 200 187 "http://localhost:8080/" "Mozilla/5.0 (iPhone; CPU iPhone OS 13_2_3 like Mac OS X) AppleWebKit/605.1.15 (KHTML, like Gecko) Version/13.0.3 Mobile/15E148 Safari/604.1"
::1 - - [13/Dec/2020:07:17:50 +0000] "GET /user/user.png HTTP/1.1" 304 - "http://localhost:8080/" "Mozilla/5.0 (iPhone; CPU iPhone OS 13_2_3 like Mac OS X) AppleWebKit/605.1.15 (KHTML, like Gecko) Version/13.0.3 Mobile/15E148 Safari/604.1"
::1 - - [13/Dec/2020:07:18:59 +0000] "POST /user/detail HTTP/1.1" 200 187 "http://localhost:8080/" "Mozilla/5.0 (iPhone; CPU iPhone OS 13_2_3 like Mac OS X) AppleWebKit/605.1.15 (KHTML, like Gecko) Version/13.0.3 Mobile/15E148 Safari/604.1"
::1 - - [13/Dec/2020:07:18:59 +0000] "GET /user/user.png HTTP/1.1" 304 - "http://localhost:8080/" "Mozilla/5.0 (iPhone; CPU iPhone OS 13_2_3 like Mac OS X) AppleWebKit/605.1.15 (KHTML, like Gecko) Version/13.0.3 Mobile/15E148 Safari/604.1"
::1 - - [13/Dec/2020:07:20:03 +0000] "POST /user/detail HTTP/1.1" 200 187 "http://localhost:8080/" "Mozilla/5.0 (iPhone; CPU iPhone OS 13_2_3 like Mac OS X) AppleWebKit/605.1.15 (KHTML, like Gecko) Version/13.0.3 Mobile/15E148 Safari/604.1"
::1 - - [13/Dec/2020:07:20:03 +0000] "GET /user/user.png HTTP/1.1" 304 - "http://localhost:8080/" "Mozilla/5.0 (iPhone; CPU iPhone OS 13_2_3 like Mac OS X) AppleWebKit/605.1.15 (KHTML, like Gecko) Version/13.0.3 Mobile/15E148 Safari/604.1"
::1 - - [13/Dec/2020:07:20:46 +0000] "POST /user/detail HTTP/1.1" 200 187 "http://localhost:8080/" "Mozilla/5.0 (iPhone; CPU iPhone OS 13_2_3 like Mac OS X) AppleWebKit/605.1.15 (KHTML, like Gecko) Version/13.0.3 Mobile/15E148 Safari/604.1"
::1 - - [13/Dec/2020:07:20:46 +0000] "GET /user/user.png HTTP/1.1" 304 - "http://localhost:8080/" "Mozilla/5.0 (iPhone; CPU iPhone OS 13_2_3 like Mac OS X) AppleWebKit/605.1.15 (KHTML, like Gecko) Version/13.0.3 Mobile/15E148 Safari/604.1"
::1 - - [13/Dec/2020:07:20:48 +0000] "POST /user/detail HTTP/1.1" 200 187 "http://localhost:8080/" "Mozilla/5.0 (iPhone; CPU iPhone OS 13_2_3 like Mac OS X) AppleWebKit/605.1.15 (KHTML, like Gecko) Version/13.0.3 Mobile/15E148 Safari/604.1"
::1 - - [13/Dec/2020:07:20:48 +0000] "GET /user/user.png HTTP/1.1" 304 - "http://localhost:8080/" "Mozilla/5.0 (iPhone; CPU iPhone OS 13_2_3 like Mac OS X) AppleWebKit/605.1.15 (KHTML, like Gecko) Version/13.0.3 Mobile/15E148 Safari/604.1"
::1 - - [13/Dec/2020:07:20:53 +0000] "POST /user/detail HTTP/1.1" 200 187 "http://localhost:8080/" "Mozilla/5.0 (iPhone; CPU iPhone OS 13_2_3 like Mac OS X) AppleWebKit/605.1.15 (KHTML, like Gecko) Version/13.0.3 Mobile/15E148 Safari/604.1"
::1 - - [13/Dec/2020:07:20:53 +0000] "GET /user/user.png HTTP/1.1" 304 - "http://localhost:8080/" "Mozilla/5.0 (iPhone; CPU iPhone OS 13_2_3 like Mac OS X) AppleWebKit/605.1.15 (KHTML, like Gecko) Version/13.0.3 Mobile/15E148 Safari/604.1"
::1 - - [13/Dec/2020:07:21:22 +0000] "POST /user/detail HTTP/1.1" 200 187 "http://localhost:8080/" "Mozilla/5.0 (iPhone; CPU iPhone OS 13_2_3 like Mac OS X) AppleWebKit/605.1.15 (KHTML, like Gecko) Version/13.0.3 Mobile/15E148 Safari/604.1"
::1 - - [13/Dec/2020:07:21:22 +0000] "GET /user/user.png HTTP/1.1" 304 - "http://localhost:8080/" "Mozilla/5.0 (iPhone; CPU iPhone OS 13_2_3 like Mac OS X) AppleWebKit/605.1.15 (KHTML, like Gecko) Version/13.0.3 Mobile/15E148 Safari/604.1"
::1 - - [13/Dec/2020:07:21:24 +0000] "POST /user/detail HTTP/1.1" 200 187 "http://localhost:8080/" "Mozilla/5.0 (iPhone; CPU iPhone OS 13_2_3 like Mac OS X) AppleWebKit/605.1.15 (KHTML, like Gecko) Version/13.0.3 Mobile/15E148 Safari/604.1"
::1 - - [13/Dec/2020:07:21:24 +0000] "GET /user/user.png HTTP/1.1" 304 - "http://localhost:8080/" "Mozilla/5.0 (iPhone; CPU iPhone OS 13_2_3 like Mac OS X) AppleWebKit/605.1.15 (KHTML, like Gecko) Version/13.0.3 Mobile/15E148 Safari/604.1"
::1 - - [13/Dec/2020:07:21:25 +0000] "POST /user/detail HTTP/1.1" 200 187 "http://localhost:8080/" "Mozilla/5.0 (iPhone; CPU iPhone OS 13_2_3 like Mac OS X) AppleWebKit/605.1.15 (KHTML, like Gecko) Version/13.0.3 Mobile/15E148 Safari/604.1"
::1 - - [13/Dec/2020:07:21:25 +0000] "GET /user/user.png HTTP/1.1" 304 - "http://localhost:8080/" "Mozilla/5.0 (iPhone; CPU iPhone OS 13_2_3 like Mac OS X) AppleWebKit/605.1.15 (KHTML, like Gecko) Version/13.0.3 Mobile/15E148 Safari/604.1"
::1 - - [13/Dec/2020:07:21:42 +0000] "POST /user/detail HTTP/1.1" 200 187 "http://localhost:8080/" "Mozilla/5.0 (iPhone; CPU iPhone OS 13_2_3 like Mac OS X) AppleWebKit/605.1.15 (KHTML, like Gecko) Version/13.0.3 Mobile/15E148 Safari/604.1"
::1 - - [13/Dec/2020:07:21:42 +0000] "GET /user/user.png HTTP/1.1" 304 - "http://localhost:8080/" "Mozilla/5.0 (iPhone; CPU iPhone OS 13_2_3 like Mac OS X) AppleWebKit/605.1.15 (KHTML, like Gecko) Version/13.0.3 Mobile/15E148 Safari/604.1"
::1 - - [13/Dec/2020:07:21:50 +0000] "POST /user/detail HTTP/1.1" 200 187 "http://localhost:8080/" "Mozilla/5.0 (iPhone; CPU iPhone OS 13_2_3 like Mac OS X) AppleWebKit/605.1.15 (KHTML, like Gecko) Version/13.0.3 Mobile/15E148 Safari/604.1"
::1 - - [13/Dec/2020:07:22:12 +0000] "POST /user/detail HTTP/1.1" 200 187 "http://localhost:8080/" "Mozilla/5.0 (iPhone; CPU iPhone OS 13_2_3 like Mac OS X) AppleWebKit/605.1.15 (KHTML, like Gecko) Version/13.0.3 Mobile/15E148 Safari/604.1"
::1 - - [13/Dec/2020:07:23:06 +0000] "GET /user/user.png HTTP/1.1" 304 - "http://localhost:8080/" "Mozilla/5.0 (iPhone; CPU iPhone OS 13_2_3 like Mac OS X) AppleWebKit/605.1.15 (KHTML, like Gecko) Version/13.0.3 Mobile/15E148 Safari/604.1"
::1 - - [13/Dec/2020:07:25:20 +0000] "POST /search/user HTTP/1.1" 200 122 "http://localhost:8080/" "Mozilla/5.0 (iPhone; CPU iPhone OS 13_2_3 like Mac OS X) AppleWebKit/605.1.15 (KHTML, like Gecko) Version/13.0.3 Mobile/15E148 Safari/604.1"
::1 - - [13/Dec/2020:07:25:20 +0000] "POST /search/isfriend HTTP/1.1" 200 43 "http://localhost:8080/" "Mozilla/5.0 (iPhone; CPU iPhone OS 13_2_3 like Mac OS X) AppleWebKit/605.1.15 (KHTML, like Gecko) Version/13.0.3 Mobile/15E148 Safari/604.1"
::1 - - [13/Dec/2020:07:25:21 +0000] "POST /user/detail HTTP/1.1" 200 187 "http://localhost:8080/" "Mozilla/5.0 (iPhone; CPU iPhone OS 13_2_3 like Mac OS X) AppleWebKit/605.1.15 (KHTML, like Gecko) Version/13.0.3 Mobile/15E148 Safari/604.1"
::1 - - [13/Dec/2020:07:26:30 +0000] "GET /user/user.png HTTP/1.1" 304 - "http://localhost:8080/" "Mozilla/5.0 (iPhone; CPU iPhone OS 13_2_3 like Mac OS X) AppleWebKit/605.1.15 (KHTML, like Gecko) Version/13.0.3 Mobile/15E148 Safari/604.1"
::1 - - [13/Dec/2020:07:26:32 +0000] "POST /user/detail HTTP/1.1" 200 187 "http://localhost:8080/" "Mozilla/5.0 (iPhone; CPU iPhone OS 13_2_3 like Mac OS X) AppleWebKit/605.1.15 (KHTML, like Gecko) Version/13.0.3 Mobile/15E148 Safari/604.1"
::1 - - [13/Dec/2020:07:40:30 +0000] "GET /user/user.png HTTP/1.1" 304 - "http://localhost:8080/" "Mozilla/5.0 (iPhone; CPU iPhone OS 13_2_3 like Mac OS X) AppleWebKit/605.1.15 (KHTML, like Gecko) Version/13.0.3 Mobile/15E148 Safari/604.1"
::1 - - [14/Dec/2020:00:43:32 +0000] "GET /user/user.png HTTP/1.1" 304 - "http://localhost:8080/" "Mozilla/5.0 (Windows NT 10.0; Win64; x64) AppleWebKit/537.36 (KHTML, like Gecko) Chrome/87.0.4280.66 Safari/537.36"
::1 - - [14/Dec/2020:00:43:35 +0000] "GET /user/user.png HTTP/1.1" 304 - "http://localhost:8080/" "Mozilla/5.0 (iPhone; CPU iPhone OS 13_2_3 like Mac OS X) AppleWebKit/605.1.15 (KHTML, like Gecko) Version/13.0.3 Mobile/15E148 Safari/604.1"
::1 - - [14/Dec/2020:00:44:35 +0000] "POST /signin/match HTTP/1.1" 200 321 "http://localhost:8080/" "Mozilla/5.0 (iPhone; CPU iPhone OS 13_2_3 like Mac OS X) AppleWebKit/605.1.15 (KHTML, like Gecko) Version/13.0.3 Mobile/15E148 Safari/604.1"
::1 - - [14/Dec/2020:00:44:41 +0000] "POST /signin/match HTTP/1.1" 200 321 "http://localhost:8080/" "Mozilla/5.0 (iPhone; CPU iPhone OS 13_2_3 like Mac OS X) AppleWebKit/605.1.15 (KHTML, like Gecko) Version/13.0.3 Mobile/15E148 Safari/604.1"
::1 - - [14/Dec/2020:00:44:55 +0000] "POST /signin/match HTTP/1.1" 200 321 "http://localhost:8080/" "Mozilla/5.0 (iPhone; CPU iPhone OS 13_2_3 like Mac OS X) AppleWebKit/605.1.15 (KHTML, like Gecko) Version/13.0.3 Mobile/15E148 Safari/604.1"
::1 - - [14/Dec/2020:00:45:08 +0000] "POST /signup/judge HTTP/1.1" 200 29 "http://localhost:8080/" "Mozilla/5.0 (iPhone; CPU iPhone OS 13_2_3 like Mac OS X) AppleWebKit/605.1.15 (KHTML, like Gecko) Version/13.0.3 Mobile/15E148 Safari/604.1"
::1 - - [14/Dec/2020:00:45:16 +0000] "POST /signup/judge HTTP/1.1" 200 29 "http://localhost:8080/" "Mozilla/5.0 (iPhone; CPU iPhone OS 13_2_3 like Mac OS X) AppleWebKit/605.1.15 (KHTML, like Gecko) Version/13.0.3 Mobile/15E148 Safari/604.1"
::1 - - [14/Dec/2020:00:45:29 +0000] "POST /signup/add HTTP/1.1" 200 18 "http://localhost:8080/" "Mozilla/5.0 (iPhone; CPU iPhone OS 13_2_3 like Mac OS X) AppleWebKit/605.1.15 (KHTML, like Gecko) Version/13.0.3 Mobile/15E148 Safari/604.1"
::1 - - [14/Dec/2020:00:45:33 +0000] "POST /signin/match HTTP/1.1" 200 321 "http://localhost:8080/" "Mozilla/5.0 (iPhone; CPU iPhone OS 13_2_3 like Mac OS X) AppleWebKit/605.1.15 (KHTML, like Gecko) Version/13.0.3 Mobile/15E148 Safari/604.1"
::1 - - [14/Dec/2020:00:45:50 +0000] "POST /signin/match HTTP/1.1" 200 321 "http://localhost:8080/" "Mozilla/5.0 (iPhone; CPU iPhone OS 13_2_3 like Mac OS X) AppleWebKit/605.1.15 (KHTML, like Gecko) Version/13.0.3 Mobile/15E148 Safari/604.1"
::1 - - [14/Dec/2020:00:46:43 +0000] "POST /signin/match HTTP/1.1" 200 321 "http://localhost:8080/" "Mozilla/5.0 (iPhone; CPU iPhone OS 13_2_3 like Mac OS X) AppleWebKit/605.1.15 (KHTML, like Gecko) Version/13.0.3 Mobile/15E148 Safari/604.1"
::1 - - [14/Dec/2020:00:46:51 +0000] "POST /signin/match HTTP/1.1" 200 321 "http://localhost:8080/" "Mozilla/5.0 (iPhone; CPU iPhone OS 13_2_3 like Mac OS X) AppleWebKit/605.1.15 (KHTML, like Gecko) Version/13.0.3 Mobile/15E148 Safari/604.1"
::1 - - [14/Dec/2020:00:47:53 +0000] "POST /signin/match HTTP/1.1" 200 321 "http://localhost:8080/" "Mozilla/5.0 (iPhone; CPU iPhone OS 13_2_3 like Mac OS X) AppleWebKit/605.1.15 (KHTML, like Gecko) Version/13.0.3 Mobile/15E148 Safari/604.1"
::1 - - [14/Dec/2020:00:48:58 +0000] "POST /signin/match HTTP/1.1" 200 321 "http://localhost:8080/" "Mozilla/5.0 (iPhone; CPU iPhone OS 13_2_3 like Mac OS X) AppleWebKit/605.1.15 (KHTML, like Gecko) Version/13.0.3 Mobile/15E148 Safari/604.1"
::1 - - [14/Dec/2020:00:49:05 +0000] "POST /signin/match HTTP/1.1" 200 321 "http://localhost:8080/" "Mozilla/5.0 (iPhone; CPU iPhone OS 13_2_3 like Mac OS X) AppleWebKit/605.1.15 (KHTML, like Gecko) Version/13.0.3 Mobile/15E148 Safari/604.1"
::1 - - [14/Dec/2020:00:49:16 +0000] "POST /signin/match HTTP/1.1" 200 321 "http://localhost:8080/" "Mozilla/5.0 (iPhone; CPU iPhone OS 13_2_3 like Mac OS X) AppleWebKit/605.1.15 (KHTML, like Gecko) Version/13.0.3 Mobile/15E148 Safari/604.1"
::1 - - [14/Dec/2020:00:50:51 +0000] "POST /signin/match HTTP/1.1" 200 321 "http://localhost:8080/" "Mozilla/5.0 (iPhone; CPU iPhone OS 13_2_3 like Mac OS X) AppleWebKit/605.1.15 (KHTML, like Gecko) Version/13.0.3 Mobile/15E148 Safari/604.1"
::1 - - [14/Dec/2020:00:50:51 +0000] "GET /user/user.png HTTP/1.1" 304 - "http://localhost:8080/" "Mozilla/5.0 (iPhone; CPU iPhone OS 13_2_3 like Mac OS X) AppleWebKit/605.1.15 (KHTML, like Gecko) Version/13.0.3 Mobile/15E148 Safari/604.1"
::1 - - [14/Dec/2020:00:51:23 +0000] "POST /user/detail HTTP/1.1" 200 188 "http://localhost:8080/" "Mozilla/5.0 (iPhone; CPU iPhone OS 13_2_3 like Mac OS X) AppleWebKit/605.1.15 (KHTML, like Gecko) Version/13.0.3 Mobile/15E148 Safari/604.1"
::1 - - [14/Dec/2020:00:51:31 +0000] "POST /search/user HTTP/1.1" 200 217 "http://localhost:8080/" "Mozilla/5.0 (iPhone; CPU iPhone OS 13_2_3 like Mac OS X) AppleWebKit/605.1.15 (KHTML, like Gecko) Version/13.0.3 Mobile/15E148 Safari/604.1"
::1 - - [14/Dec/2020:00:51:31 +0000] "POST /search/isfriend HTTP/1.1" 200 43 "http://localhost:8080/" "Mozilla/5.0 (iPhone; CPU iPhone OS 13_2_3 like Mac OS X) AppleWebKit/605.1.15 (KHTML, like Gecko) Version/13.0.3 Mobile/15E148 Safari/604.1"
::1 - - [14/Dec/2020:00:51:31 +0000] "POST /search/isfriend HTTP/1.1" 200 43 "http://localhost:8080/" "Mozilla/5.0 (iPhone; CPU iPhone OS 13_2_3 like Mac OS X) AppleWebKit/605.1.15 (KHTML, like Gecko) Version/13.0.3 Mobile/15E148 Safari/604.1"
::1 - - [14/Dec/2020:03:07:02 +0000] "POST /signin/match HTTP/1.1" 200 321 "http://localhost:8080/" "Mozilla/5.0 (iPhone; CPU iPhone OS 13_2_3 like Mac OS X) AppleWebKit/605.1.15 (KHTML, like Gecko) Version/13.0.3 Mobile/15E148 Safari/604.1"
::1 - - [14/Dec/2020:03:07:02 +0000] "GET /user/user.png HTTP/1.1" 304 - "http://localhost:8080/" "Mozilla/5.0 (iPhone; CPU iPhone OS 13_2_3 like Mac OS X) AppleWebKit/605.1.15 (KHTML, like Gecko) Version/13.0.3 Mobile/15E148 Safari/604.1"
::1 - - [14/Dec/2020:03:07:37 +0000] "POST /signin/match HTTP/1.1" 200 321 "http://localhost:8080/" "Mozilla/5.0 (iPhone; CPU iPhone OS 13_2_3 like Mac OS X) AppleWebKit/605.1.15 (KHTML, like Gecko) Version/13.0.3 Mobile/15E148 Safari/604.1"
::1 - - [14/Dec/2020:03:07:37 +0000] "GET /user/user.png HTTP/1.1" 304 - "http://localhost:8080/" "Mozilla/5.0 (iPhone; CPU iPhone OS 13_2_3 like Mac OS X) AppleWebKit/605.1.15 (KHTML, like Gecko) Version/13.0.3 Mobile/15E148 Safari/604.1"
::1 - - [14/Dec/2020:03:08:18 +0000] "GET /user/user.png HTTP/1.1" 304 - "http://localhost:8080/" "Mozilla/5.0 (iPhone; CPU iPhone OS 13_2_3 like Mac OS X) AppleWebKit/605.1.15 (KHTML, like Gecko) Version/13.0.3 Mobile/15E148 Safari/604.1"
::1 - - [14/Dec/2020:03:08:23 +0000] "GET /user/user.png HTTP/1.1" 304 - "http://localhost:8080/" "Mozilla/5.0 (iPhone; CPU iPhone OS 13_2_3 like Mac OS X) AppleWebKit/605.1.15 (KHTML, like Gecko) Version/13.0.3 Mobile/15E148 Safari/604.1"
::1 - - [14/Dec/2020:03:08:35 +0000] "POST /signin/match HTTP/1.1" 200 321 "http://localhost:8080/" "Mozilla/5.0 (iPhone; CPU iPhone OS 13_2_3 like Mac OS X) AppleWebKit/605.1.15 (KHTML, like Gecko) Version/13.0.3 Mobile/15E148 Safari/604.1"
::1 - - [14/Dec/2020:03:08:36 +0000] "GET /user/user.png HTTP/1.1" 304 - "http://localhost:8080/" "Mozilla/5.0 (iPhone; CPU iPhone OS 13_2_3 like Mac OS X) AppleWebKit/605.1.15 (KHTML, like Gecko) Version/13.0.3 Mobile/15E148 Safari/604.1"
::1 - - [14/Dec/2020:03:11:23 +0000] "GET /user/user.png HTTP/1.1" 304 - "http://localhost:8080/" "Mozilla/5.0 (iPhone; CPU iPhone OS 13_2_3 like Mac OS X) AppleWebKit/605.1.15 (KHTML, like Gecko) Version/13.0.3 Mobile/15E148 Safari/604.1"
::1 - - [14/Dec/2020:03:11:30 +0000] "GET /user/user.png HTTP/1.1" 304 - "http://localhost:8080/" "Mozilla/5.0 (iPhone; CPU iPhone OS 13_2_3 like Mac OS X) AppleWebKit/605.1.15 (KHTML, like Gecko) Version/13.0.3 Mobile/15E148 Safari/604.1"
::1 - - [14/Dec/2020:03:15:55 +0000] "GET /user/user.png HTTP/1.1" 304 - "http://localhost:8080/" "Mozilla/5.0 (iPhone; CPU iPhone OS 13_2_3 like Mac OS X) AppleWebKit/605.1.15 (KHTML, like Gecko) Version/13.0.3 Mobile/15E148 Safari/604.1"
::1 - - [14/Dec/2020:04:15:00 +0000] "GET /user/user.png HTTP/1.1" 304 - "http://localhost:8080/" "Mozilla/5.0 (iPhone; CPU iPhone OS 13_2_3 like Mac OS X) AppleWebKit/605.1.15 (KHTML, like Gecko) Version/13.0.3 Mobile/15E148 Safari/604.1"
::1 - - [14/Dec/2020:04:32:07 +0000] "GET /user/user.png HTTP/1.1" 304 - "http://localhost:8080/" "Mozilla/5.0 (iPhone; CPU iPhone OS 13_2_3 like Mac OS X) AppleWebKit/605.1.15 (KHTML, like Gecko) Version/13.0.3 Mobile/15E148 Safari/604.1"
::1 - - [14/Dec/2020:04:32:09 +0000] "GET /user/user.png HTTP/1.1" 304 - "http://localhost:8080/" "Mozilla/5.0 (iPhone; CPU iPhone OS 13_2_3 like Mac OS X) AppleWebKit/605.1.15 (KHTML, like Gecko) Version/13.0.3 Mobile/15E148 Safari/604.1"
::1 - - [14/Dec/2020:04:32:37 +0000] "GET /user/user.png HTTP/1.1" 304 - "http://localhost:8080/" "Mozilla/5.0 (iPhone; CPU iPhone OS 13_2_3 like Mac OS X) AppleWebKit/605.1.15 (KHTML, like Gecko) Version/13.0.3 Mobile/15E148 Safari/604.1"
::1 - - [14/Dec/2020:04:33:35 +0000] "GET /user/user.png HTTP/1.1" 304 - "http://localhost:8080/" "Mozilla/5.0 (iPhone; CPU iPhone OS 13_2_3 like Mac OS X) AppleWebKit/605.1.15 (KHTML, like Gecko) Version/13.0.3 Mobile/15E148 Safari/604.1"
::1 - - [14/Dec/2020:04:33:43 +0000] "GET /user/user.png HTTP/1.1" 304 - "http://localhost:8080/" "Mozilla/5.0 (iPhone; CPU iPhone OS 13_2_3 like Mac OS X) AppleWebKit/605.1.15 (KHTML, like Gecko) Version/13.0.3 Mobile/15E148 Safari/604.1"
